<?xml version="1.0" encoding="UTF-8"?>
<testng-results ignored="0" total="1" passed="1" failed="0" skipped="0">
  <reporter-output>
  </reporter-output>
  <suite started-at="2022-11-11T11:21:13 IST" name="Default suite" finished-at="2022-11-11T11:22:05 IST" duration-ms="51968">
    <groups>
    </groups>
    <test started-at="2022-11-11T11:21:13 IST" name="Default test" finished-at="2022-11-11T11:22:05 IST" duration-ms="51968">
      <class name="Project_AMS.AMSHomepage">
        <test-method signature="validateHomePage()[pri:0, instance:Project_AMS.AMSHomepage@130c12b7]" started-at="2022-11-11T11:21:13 IST" name="validateHomePage" finished-at="2022-11-11T11:22:05 IST" duration-ms="51858" status="PASS">
          <reporter-output>
          </reporter-output>
        </test-method> <!-- validateHomePage -->
      </class> <!-- Project_AMS.AMSHomepage -->
    </test> <!-- Default test -->
  </suite> <!-- Default suite -->
</testng-results>
