<?xml version="1.0" encoding="UTF-8"?>
<!-- Generated by org.testng.reporters.JUnitXMLReporter -->
<testsuite ignored="0" hostname="DESKTOP-9OOOF17" failures="0" tests="6" name="Default test" time="53.556" errors="0" timestamp="2022-12-10T13:46:38 IST">
  <testcase classname="Project_AMS.myHolidayList" name="validateHolidaysWithCurrentDate" time="6.947"/>
  <testcase classname="Project_AMS.myHolidayList" name="validatehighlightholiday" time="0.087"/>
  <testcase classname="Project_AMS.myHolidayList" name="validateSelectedHolidays" time="3.085"/>
  <testcase classname="Project_AMS.myHolidayList" name="validateSelectedHolidayCount" time="0.048"/>
  <testcase classname="Project_AMS.myHolidayList" name="validateSubmittedHolidayList" time="0.142"/>
  <testcase classname="Project_AMS.myHolidayList" name="validateCancelledHolidayList" time="12.981"/>
</testsuite> <!-- Default test -->
