<?xml version="1.0" encoding="UTF-8"?>
<!-- Generated by org.testng.reporters.JUnitXMLReporter -->
<testsuite ignored="0" hostname="DESKTOP-9OOOF17" failures="1" tests="3" name="Test" time="81.333" errors="0" timestamp="2022-11-11T15:50:31 IST">
  <testcase classname="Project_AMS.AMSHomepage" name="validateMyException" time="80.833"/>
  <testcase classname="Project_AMS.AMSHomepage" name="validateMyPendingAction" time="0.169">
    <failure type="java.lang.AssertionError" message="expected [My Pending Action] but found []">
      <![CDATA[java.lang.AssertionError: expected [My Pending Action] but found []
at Project_AMS.AMSHomepage.validateMyPendingAction(AMSHomepage.java:129)
at java.base/java.util.ArrayList.forEach(ArrayList.java:1511)
... Removed 33 stack frames]]>
    </failure>
  </testcase> <!-- validateMyPendingAction -->
  <testcase classname="Project_AMS.AMSHomepage" name="validatePendingLeave" time="0.204"/>
</testsuite> <!-- Test -->
